<?xml version="1.0" encoding="UTF-8"?>
<!-- Generated by org.testng.reporters.JUnitReportReporter -->
<testsuite skipped="2" hostname="DESKTOP-QMN633I" name="com.testngconcept.com.SurveyMonkeyLogin" tests="3" failures="0" timestamp="17 Aug 2020 14:18:00 GMT" time="6.186" errors="0">
  <testcase name="login" time="6.186" classname="com.testngconcept.com.SurveyMonkeyLogin"/>
  <testcase name="verifySignUpText" classname="com.testngconcept.com.SurveyMonkeyLogin">
    <skipped/>
  </testcase> <!-- verifySignUpText -->
  <testcase name="checkApplicationTitle" classname="com.testngconcept.com.SurveyMonkeyLogin">
    <skipped/>
  </testcase> <!-- checkApplicationTitle -->
</testsuite> <!-- com.testngconcept.com.SurveyMonkeyLogin -->
