<?xml version="1.0" encoding="UTF-8"?>
<!-- Generated by org.testng.reporters.JUnitReportReporter -->
<testsuite skipped="2" hostname="DESKTOP-QMN633I" name="com.testngconcept.com.SurveyMonkeyLoginAllAnnotation" tests="3" failures="0" timestamp="17 Aug 2020 14:18:00 GMT" time="5.159" errors="0">
  <testcase name="login" time="5.159" classname="com.testngconcept.com.SurveyMonkeyLoginAllAnnotation"/>
  <testcase name="checkApplicationTitle" classname="com.testngconcept.com.SurveyMonkeyLoginAllAnnotation">
    <skipped/>
  </testcase> <!-- checkApplicationTitle -->
  <testcase name="verifySignUpText" classname="com.testngconcept.com.SurveyMonkeyLoginAllAnnotation">
    <skipped/>
  </testcase> <!-- verifySignUpText -->
</testsuite> <!-- com.testngconcept.com.SurveyMonkeyLoginAllAnnotation -->
