<?xml version="1.0" encoding="UTF-8"?>
<!-- Generated by org.testng.reporters.JUnitReportReporter -->
<testsuite skipped="0" hostname="DESKTOP-QMN633I" name="com.parallelExecution.com.SignupLinkVerification" tests="1" failures="0" timestamp="19 Aug 2020 02:37:21 GMT" time="21.253" errors="0">
  <testcase name="verifySignUpText" time="21.253" classname="com.parallelExecution.com.SignupLinkVerification"/>
</testsuite> <!-- com.parallelExecution.com.SignupLinkVerification -->
