<?xml version="1.0" encoding="UTF-8"?>
<!-- Generated by org.testng.reporters.JUnitReportReporter -->
<testsuite skipped="0" hostname="DESKTOP-QMN633I" name="com.parallelExecution.com.LoginVerification" tests="1" failures="0" timestamp="19 Aug 2020 02:37:21 GMT" time="26.094" errors="0">
  <testcase name="login" time="26.094" classname="com.parallelExecution.com.LoginVerification"/>
</testsuite> <!-- com.parallelExecution.com.LoginVerification -->
