<?xml version="1.0" encoding="UTF-8"?>
<!-- Generated by org.testng.reporters.JUnitReportReporter -->
<testsuite skipped="0" hostname="DESKTOP-QMN633I" name="com.testngconcept.com.FirstTestNG" tests="2" failures="0" timestamp="17 Aug 2020 14:18:00 GMT" time="0.013" errors="0">
  <testcase name="displayName" time="0.004" classname="com.testngconcept.com.FirstTestNG"/>
  <testcase name="displayMessage" time="0.009" classname="com.testngconcept.com.FirstTestNG"/>
</testsuite> <!-- com.testngconcept.com.FirstTestNG -->
